[0m14:22:39.537256 [debug] [MainThread]: Sending event: {'category': 'dbt', 'action': 'invocation', 'label': 'start', 'context': [<snowplow_tracker.self_describing_json.SelfDescribingJson object at 0x10909de10>, <snowplow_tracker.self_describing_json.SelfDescribingJson object at 0x10909f2d0>, <snowplow_tracker.self_describing_json.SelfDescribingJson object at 0x109097890>]}


============================== 14:22:39.540199 | c4a5114a-b21f-4e40-8af2-724bd10ea49d ==============================
[0m14:22:39.540199 [info ] [MainThread]: Running with dbt=1.11.2
[0m14:22:39.540515 [debug] [MainThread]: running dbt with arguments {'warn_error_options': 'WarnErrorOptionsV2(error=[], warn=[], silence=[])', 'debug': 'False', 'use_experimental_parser': 'False', 'introspect': 'True', 'empty': 'None', 'no_print': 'None', 'static_parser': 'True', 'version_check': 'True', 'printer_width': '80', 'use_colors': 'True', 'warn_error': 'None', 'log_format': 'default', 'log_path': 'logs', 'fail_fast': 'False', 'profiles_dir': '/Users/prakathesh/.dbt', 'log_cache_events': 'False', 'target_path': 'None', 'partial_parse': 'True', 'cache_selected_only': 'False', 'write_json': 'True', 'indirect_selection': 'eager', 'quiet': 'False', 'invocation_command': 'dbt init', 'send_anonymous_usage_stats': 'True'}
[0m14:22:39.550447 [info ] [MainThread]: Creating dbt configuration folder at /Users/prakathesh/.dbt
[0m14:22:52.453734 [debug] [MainThread]: Starter project path: /Users/prakathesh/Desktop/dbt_project/dbtenv/lib/python3.11/site-packages/dbt/include/starter_project
[0m14:22:52.465490 [info ] [MainThread]: 
Your new dbt project "dbt_project_1" was created!

For more information on how to configure the profiles.yml file,
please consult the dbt documentation here:

  https://docs.getdbt.com/docs/configure-your-profile

One more thing:

Need help? Don't hesitate to reach out to us via GitHub issues or on Slack:

  https://community.getdbt.com/

Happy modeling!

[0m14:22:52.466158 [info ] [MainThread]: Setting up your profile.
[0m14:23:03.351060 [debug] [MainThread]: Snowflake adapter: Setting snowflake.connector to ERROR (file logging only)
[0m14:23:03.351393 [debug] [MainThread]: Snowflake adapter: Setting botocore to ERROR (file logging only)
[0m14:23:03.351560 [debug] [MainThread]: Snowflake adapter: Setting boto3 to ERROR (file logging only)
[0m14:28:46.423565 [info ] [MainThread]: Profile dbt_project_1 written to /Users/prakathesh/.dbt/profiles.yml using target's profile_template.yml and your supplied values. Run 'dbt debug' to validate the connection.
[0m14:28:46.460662 [debug] [MainThread]: Resource report: {"command_name": "init", "command_success": true, "command_wall_clock_time": 366.975, "process_in_blocks": "0", "process_kernel_time": 0.259684, "process_mem_max_rss": "126877696", "process_out_blocks": "0", "process_user_time": 0.781586}
[0m14:28:46.474194 [debug] [MainThread]: Command `dbt init` succeeded at 14:28:46.473113 after 366.99 seconds
[0m14:28:46.477627 [debug] [MainThread]: Sending event: {'category': 'dbt', 'action': 'invocation', 'label': 'end', 'context': [<snowplow_tracker.self_describing_json.SelfDescribingJson object at 0x1090d7810>, <snowplow_tracker.self_describing_json.SelfDescribingJson object at 0x104da6090>, <snowplow_tracker.self_describing_json.SelfDescribingJson object at 0x104e40750>]}
[0m14:28:46.478552 [debug] [MainThread]: Flushing usage events
[0m14:28:46.785458 [debug] [MainThread]: An error was encountered while trying to flush usage events
[0m14:34:02.140813 [debug] [MainThread]: Sending event: {'category': 'dbt', 'action': 'invocation', 'label': 'start', 'context': [<snowplow_tracker.self_describing_json.SelfDescribingJson object at 0x1067cc150>, <snowplow_tracker.self_describing_json.SelfDescribingJson object at 0x10685a150>, <snowplow_tracker.self_describing_json.SelfDescribingJson object at 0x10685a710>]}


============================== 14:34:02.143734 | 91a552a2-a068-4761-9492-bcb18e5fa6f3 ==============================
[0m14:34:02.143734 [info ] [MainThread]: Running with dbt=1.11.2
[0m14:34:02.144086 [debug] [MainThread]: running dbt with arguments {'empty': 'None', 'send_anonymous_usage_stats': 'True', 'profiles_dir': '/Users/prakathesh/.dbt', 'target_path': 'None', 'warn_error_options': 'WarnErrorOptionsV2(error=[], warn=[], silence=[])', 'printer_width': '80', 'log_cache_events': 'False', 'invocation_command': 'dbt debug', 'log_format': 'default', 'warn_error': 'None', 'cache_selected_only': 'False', 'indirect_selection': 'eager', 'use_experimental_parser': 'False', 'debug': 'False', 'introspect': 'True', 'version_check': 'True', 'log_path': '/Users/prakathesh/Desktop/dbt_project/dbt_project_1/logs', 'partial_parse': 'True', 'write_json': 'True', 'fail_fast': 'False', 'quiet': 'False', 'no_print': 'None', 'use_colors': 'True', 'static_parser': 'True'}
[0m14:34:02.154204 [info ] [MainThread]: dbt version: 1.11.2
[0m14:34:02.154420 [info ] [MainThread]: python version: 3.11.7
[0m14:34:02.154573 [info ] [MainThread]: python path: /Users/prakathesh/Desktop/dbt_project/dbtenv/bin/python
[0m14:34:02.154705 [info ] [MainThread]: os info: macOS-15.7.3-arm64-arm-64bit
[0m14:34:02.378575 [debug] [MainThread]: Snowflake adapter: Setting snowflake.connector to ERROR (file logging only)
[0m14:34:02.378842 [debug] [MainThread]: Snowflake adapter: Setting botocore to ERROR (file logging only)
[0m14:34:02.378983 [debug] [MainThread]: Snowflake adapter: Setting boto3 to ERROR (file logging only)
[0m14:34:02.405962 [info ] [MainThread]: Using profiles dir at /Users/prakathesh/.dbt
[0m14:34:02.406174 [info ] [MainThread]: Using profiles.yml file at /Users/prakathesh/.dbt/profiles.yml
[0m14:34:02.406310 [info ] [MainThread]: Using dbt_project.yml file at /Users/prakathesh/Desktop/dbt_project/dbt_project_1/dbt_project.yml
[0m14:34:02.406586 [info ] [MainThread]: adapter type: snowflake
[0m14:34:02.406744 [info ] [MainThread]: adapter version: 1.11.1
[0m14:34:02.448713 [info ] [MainThread]: Configuration:
[0m14:34:02.448989 [info ] [MainThread]:   profiles.yml file [[32mOK found and valid[0m]
[0m14:34:02.449122 [info ] [MainThread]:   dbt_project.yml file [[32mOK found and valid[0m]
[0m14:34:02.449249 [info ] [MainThread]: Required dependencies:
[0m14:34:02.449429 [debug] [MainThread]: Executing "git --help"
[0m14:34:02.479711 [debug] [MainThread]: STDOUT: "b"usage: git [-v | --version] [-h | --help] [-C <path>] [-c <name>=<value>]\n           [--exec-path[=<path>]] [--html-path] [--man-path] [--info-path]\n           [-p | --paginate | -P | --no-pager] [--no-replace-objects] [--bare]\n           [--git-dir=<path>] [--work-tree=<path>] [--namespace=<name>]\n           [--super-prefix=<path>] [--config-env=<name>=<envvar>]\n           <command> [<args>]\n\nThese are common Git commands used in various situations:\n\nstart a working area (see also: git help tutorial)\n   clone     Clone a repository into a new directory\n   init      Create an empty Git repository or reinitialize an existing one\n\nwork on the current change (see also: git help everyday)\n   add       Add file contents to the index\n   mv        Move or rename a file, a directory, or a symlink\n   restore   Restore working tree files\n   rm        Remove files from the working tree and from the index\n\nexamine the history and state (see also: git help revisions)\n   bisect    Use binary search to find the commit that introduced a bug\n   diff      Show changes between commits, commit and working tree, etc\n   grep      Print lines matching a pattern\n   log       Show commit logs\n   show      Show various types of objects\n   status    Show the working tree status\n\ngrow, mark and tweak your common history\n   branch    List, create, or delete branches\n   commit    Record changes to the repository\n   merge     Join two or more development histories together\n   rebase    Reapply commits on top of another base tip\n   reset     Reset current HEAD to the specified state\n   switch    Switch branches\n   tag       Create, list, delete or verify a tag object signed with GPG\n\ncollaborate (see also: git help workflows)\n   fetch     Download objects and refs from another repository\n   pull      Fetch from and integrate with another repository or a local branch\n   push      Update remote refs along with associated objects\n\n'git help -a' and 'git help -g' list available subcommands and some\nconcept guides. See 'git help <command>' or 'git help <concept>'\nto read about a specific subcommand or concept.\nSee 'git help git' for an overview of the system.\n""
[0m14:34:02.480267 [debug] [MainThread]: STDERR: "b''"
[0m14:34:02.480437 [info ] [MainThread]:  - git [[32mOK found[0m]

[0m14:34:02.480605 [info ] [MainThread]: Connection:
[0m14:34:02.480809 [info ] [MainThread]:   account: PWMFWFG-XKC68520
[0m14:34:02.480931 [info ] [MainThread]:   user: prakathesh
[0m14:34:02.481044 [info ] [MainThread]:   database: dbt_demo_db
[0m14:34:02.481153 [info ] [MainThread]:   warehouse: COMPUTE_WH
[0m14:34:02.481259 [info ] [MainThread]:   role: sysadmin
[0m14:34:02.481368 [info ] [MainThread]:   schema: public
[0m14:34:02.481472 [info ] [MainThread]:   authenticator: None
[0m14:34:02.481580 [info ] [MainThread]:   oauth_client_id: None
[0m14:34:02.481685 [info ] [MainThread]:   query_tag: None
[0m14:34:02.481789 [info ] [MainThread]:   client_session_keep_alive: False
[0m14:34:02.481899 [info ] [MainThread]:   host: None
[0m14:34:02.482003 [info ] [MainThread]:   port: None
[0m14:34:02.482106 [info ] [MainThread]:   proxy_host: None
[0m14:34:02.482215 [info ] [MainThread]:   proxy_port: None
[0m14:34:02.482315 [info ] [MainThread]:   protocol: None
[0m14:34:02.482421 [info ] [MainThread]:   connect_retries: 1
[0m14:34:02.482523 [info ] [MainThread]:   connect_timeout: None
[0m14:34:02.482625 [info ] [MainThread]:   retry_on_database_errors: False
[0m14:34:02.482730 [info ] [MainThread]:   retry_all: False
[0m14:34:02.482832 [info ] [MainThread]:   insecure_mode: False
[0m14:34:02.482935 [info ] [MainThread]:   reuse_connections: True
[0m14:34:02.483033 [info ] [MainThread]:   s3_stage_vpce_dns_name: None
[0m14:34:02.483136 [info ] [MainThread]:   platform_detection_timeout_seconds: 0.0
[0m14:34:02.483446 [info ] [MainThread]: Registered adapter: snowflake=1.11.1
[0m14:34:02.541151 [debug] [MainThread]: Acquiring new snowflake connection 'debug'
[0m14:34:02.565140 [debug] [MainThread]: Using snowflake connection "debug"
[0m14:34:02.565355 [debug] [MainThread]: On debug: select 1 as id
[0m14:34:02.565480 [debug] [MainThread]: Opening a new connection, currently in state init
[0m14:34:03.983896 [debug] [MainThread]: SQL status: SUCCESS 1 in 1.418 seconds
[0m14:34:03.986265 [info ] [MainThread]:   Connection test: [[32mOK connection ok[0m]

[0m14:34:03.987067 [info ] [MainThread]: [32mAll checks passed![0m
[0m14:34:03.993000 [debug] [MainThread]: Resource report: {"command_name": "debug", "command_success": true, "command_wall_clock_time": 1.896014, "process_in_blocks": "0", "process_kernel_time": 0.252768, "process_mem_max_rss": "158859264", "process_out_blocks": "0", "process_user_time": 1.100142}
[0m14:34:03.993804 [debug] [MainThread]: Command `dbt debug` succeeded at 14:34:03.993636 after 1.90 seconds
[0m14:34:03.994255 [debug] [MainThread]: Connection 'debug' was left open.
[0m14:34:03.994639 [debug] [MainThread]: On debug: Close
[0m14:34:04.089374 [debug] [MainThread]: Sending event: {'category': 'dbt', 'action': 'invocation', 'label': 'end', 'context': [<snowplow_tracker.self_describing_json.SelfDescribingJson object at 0x101002090>, <snowplow_tracker.self_describing_json.SelfDescribingJson object at 0x1067cbd10>, <snowplow_tracker.self_describing_json.SelfDescribingJson object at 0x110c44c90>]}
[0m14:34:04.090385 [debug] [MainThread]: Flushing usage events
[0m14:34:04.350214 [debug] [MainThread]: An error was encountered while trying to flush usage events
